[0m07:38:06.224300 [debug] [MainThread]: Sending event: {'category': 'dbt', 'action': 'invocation', 'label': 'start', 'context': [<snowplow_tracker.self_describing_json.SelfDescribingJson object at 0x7a225cd83730>, <snowplow_tracker.self_describing_json.SelfDescribingJson object at 0x7a225d4c2680>, <snowplow_tracker.self_describing_json.SelfDescribingJson object at 0x7a225d4c1090>]}


============================== 07:38:06.229276 | 5806ae3d-4a60-4aa1-9584-a95eb9d523c9 ==============================
[0m07:38:06.229276 [info ] [MainThread]: Running with dbt=1.7.9
[0m07:38:06.229751 [debug] [MainThread]: running dbt with arguments {'printer_width': '80', 'indirect_selection': 'eager', 'write_json': 'True', 'log_cache_events': 'False', 'partial_parse': 'True', 'cache_selected_only': 'False', 'warn_error': 'None', 'fail_fast': 'False', 'version_check': 'True', 'log_path': '/usr/app/logs', 'debug': 'False', 'profiles_dir': '/usr/app', 'use_colors': 'True', 'use_experimental_parser': 'False', 'no_print': 'None', 'quiet': 'False', 'warn_error_options': 'WarnErrorOptions(include=[], exclude=[])', 'invocation_command': 'dbt debug', 'introspect': 'True', 'log_format': 'default', 'target_path': 'None', 'static_parser': 'True', 'send_anonymous_usage_stats': 'True'}
[0m07:38:06.230216 [info ] [MainThread]: dbt version: 1.7.9
[0m07:38:06.230752 [info ] [MainThread]: python version: 3.10.7
[0m07:38:06.231320 [info ] [MainThread]: python path: /usr/local/bin/python
[0m07:38:06.231796 [info ] [MainThread]: os info: Linux-6.6.87.2-microsoft-standard-WSL2-x86_64-with-glibc2.31
[0m07:38:06.314750 [info ] [MainThread]: Using profiles dir at /usr/app
[0m07:38:06.315182 [info ] [MainThread]: Using profiles.yml file at /usr/app/profiles.yml
[0m07:38:06.315529 [info ] [MainThread]: Using dbt_project.yml file at /usr/app/dbt_project.yml
[0m07:38:06.316260 [info ] [MainThread]: adapter type: postgres
[0m07:38:06.316677 [info ] [MainThread]: adapter version: 1.7.9
[0m07:38:06.388772 [info ] [MainThread]: Configuration:
[0m07:38:06.389278 [info ] [MainThread]:   profiles.yml file [[32mOK found and valid[0m]
[0m07:38:06.389585 [info ] [MainThread]:   dbt_project.yml file [[32mOK found and valid[0m]
[0m07:38:06.390041 [info ] [MainThread]: Required dependencies:
[0m07:38:06.390601 [debug] [MainThread]: Executing "git --help"
[0m07:38:06.393852 [debug] [MainThread]: STDOUT: "b"usage: git [--version] [--help] [-C <path>] [-c <name>=<value>]\n           [--exec-path[=<path>]] [--html-path] [--man-path] [--info-path]\n           [-p | --paginate | -P | --no-pager] [--no-replace-objects] [--bare]\n           [--git-dir=<path>] [--work-tree=<path>] [--namespace=<name>]\n           <command> [<args>]\n\nThese are common Git commands used in various situations:\n\nstart a working area (see also: git help tutorial)\n   clone             Clone a repository into a new directory\n   init              Create an empty Git repository or reinitialize an existing one\n\nwork on the current change (see also: git help everyday)\n   add               Add file contents to the index\n   mv                Move or rename a file, a directory, or a symlink\n   restore           Restore working tree files\n   rm                Remove files from the working tree and from the index\n   sparse-checkout   Initialize and modify the sparse-checkout\n\nexamine the history and state (see also: git help revisions)\n   bisect            Use binary search to find the commit that introduced a bug\n   diff              Show changes between commits, commit and working tree, etc\n   grep              Print lines matching a pattern\n   log               Show commit logs\n   show              Show various types of objects\n   status            Show the working tree status\n\ngrow, mark and tweak your common history\n   branch            List, create, or delete branches\n   commit            Record changes to the repository\n   merge             Join two or more development histories together\n   rebase            Reapply commits on top of another base tip\n   reset             Reset current HEAD to the specified state\n   switch            Switch branches\n   tag               Create, list, delete or verify a tag object signed with GPG\n\ncollaborate (see also: git help workflows)\n   fetch             Download objects and refs from another repository\n   pull              Fetch from and integrate with another repository or a local branch\n   push              Update remote refs along with associated objects\n\n'git help -a' and 'git help -g' list available subcommands and some\nconcept guides. See 'git help <command>' or 'git help <concept>'\nto read about a specific subcommand or concept.\nSee 'git help git' for an overview of the system.\n""
[0m07:38:06.394857 [debug] [MainThread]: STDERR: "b''"
[0m07:38:06.395444 [info ] [MainThread]:  - git [[32mOK found[0m]

[0m07:38:06.396053 [info ] [MainThread]: Connection:
[0m07:38:06.396709 [info ] [MainThread]:   host: postgres
[0m07:38:06.397369 [info ] [MainThread]:   port: 5432
[0m07:38:06.398125 [info ] [MainThread]:   user: dbt_user
[0m07:38:06.398540 [info ] [MainThread]:   database: dbt_db
[0m07:38:06.399024 [info ] [MainThread]:   schema: public
[0m07:38:06.399509 [info ] [MainThread]:   connect_timeout: 10
[0m07:38:06.399978 [info ] [MainThread]:   role: None
[0m07:38:06.400545 [info ] [MainThread]:   search_path: None
[0m07:38:06.401095 [info ] [MainThread]:   keepalives_idle: 0
[0m07:38:06.401606 [info ] [MainThread]:   sslmode: None
[0m07:38:06.402051 [info ] [MainThread]:   sslcert: None
[0m07:38:06.402470 [info ] [MainThread]:   sslkey: None
[0m07:38:06.402976 [info ] [MainThread]:   sslrootcert: None
[0m07:38:06.403379 [info ] [MainThread]:   application_name: dbt
[0m07:38:06.403810 [info ] [MainThread]:   retries: 1
[0m07:38:06.404920 [info ] [MainThread]: Registered adapter: postgres=1.7.9
[0m07:38:06.405767 [debug] [MainThread]: Acquiring new postgres connection 'debug'
[0m07:38:06.406174 [debug] [MainThread]: Using postgres connection "debug"
[0m07:38:06.406576 [debug] [MainThread]: On debug: select 1 as id
[0m07:38:06.406885 [debug] [MainThread]: Opening a new connection, currently in state init
[0m07:38:06.423005 [debug] [MainThread]: SQL status: SELECT 1 in 0.0 seconds
[0m07:38:06.425810 [debug] [MainThread]: On debug: Close
[0m07:38:06.426850 [info ] [MainThread]:   Connection test: [[32mOK connection ok[0m]

[0m07:38:06.427329 [info ] [MainThread]: [32mAll checks passed![0m
[0m07:38:06.428563 [debug] [MainThread]: Connection 'debug' was properly closed.
[0m07:38:06.428964 [debug] [MainThread]: Sending event: {'category': 'dbt', 'action': 'invocation', 'label': 'end', 'context': [<snowplow_tracker.self_describing_json.SelfDescribingJson object at 0x7a225cd83730>, <snowplow_tracker.self_describing_json.SelfDescribingJson object at 0x7a225d4c1ea0>, <snowplow_tracker.self_describing_json.SelfDescribingJson object at 0x7a225d4c2530>]}
[0m07:38:06.429492 [debug] [MainThread]: Flushing usage events
[0m07:42:46.336777 [debug] [MainThread]: Sending event: {'category': 'dbt', 'action': 'invocation', 'label': 'start', 'context': [<snowplow_tracker.self_describing_json.SelfDescribingJson object at 0x71059788df30>, <snowplow_tracker.self_describing_json.SelfDescribingJson object at 0x71059582cdf0>, <snowplow_tracker.self_describing_json.SelfDescribingJson object at 0x71059582cd90>]}


============================== 07:42:46.341315 | 76dec97c-18b1-4ce5-91ae-146b6ba09335 ==============================
[0m07:42:46.341315 [info ] [MainThread]: Running with dbt=1.6.6
[0m07:42:46.341990 [debug] [MainThread]: running dbt with arguments {'printer_width': '80', 'indirect_selection': 'eager', 'write_json': 'True', 'log_cache_events': 'False', 'partial_parse': 'True', 'cache_selected_only': 'False', 'warn_error': 'None', 'debug': 'False', 'profiles_dir': '/usr/app', 'log_path': '/usr/app/logs', 'fail_fast': 'False', 'version_check': 'True', 'use_colors': 'True', 'use_experimental_parser': 'False', 'no_print': 'None', 'quiet': 'False', 'log_format': 'default', 'invocation_command': 'dbt debug', 'warn_error_options': 'WarnErrorOptions(include=[], exclude=[])', 'introspect': 'True', 'target_path': 'None', 'static_parser': 'True', 'send_anonymous_usage_stats': 'True'}
[0m07:42:46.342492 [info ] [MainThread]: dbt version: 1.6.6
[0m07:42:46.342935 [info ] [MainThread]: python version: 3.10.7
[0m07:42:46.343579 [info ] [MainThread]: python path: /usr/local/bin/python
[0m07:42:46.344357 [info ] [MainThread]: os info: Linux-6.6.87.2-microsoft-standard-WSL2-x86_64-with-glibc2.31
[0m07:42:46.393401 [info ] [MainThread]: Using profiles dir at /usr/app
[0m07:42:46.393904 [info ] [MainThread]: Using profiles.yml file at /usr/app/profiles.yml
[0m07:42:46.394287 [info ] [MainThread]: Using dbt_project.yml file at /usr/app/dbt_project.yml
[0m07:42:46.395011 [info ] [MainThread]: adapter type: postgres
[0m07:42:46.395446 [info ] [MainThread]: adapter version: 1.6.6
[0m07:42:46.425321 [info ] [MainThread]: Configuration:
[0m07:42:46.425874 [info ] [MainThread]:   profiles.yml file [[32mOK found and valid[0m]
[0m07:42:46.426246 [info ] [MainThread]:   dbt_project.yml file [[32mOK found and valid[0m]
[0m07:42:46.426771 [info ] [MainThread]: Required dependencies:
[0m07:42:46.427206 [debug] [MainThread]: Executing "git --help"
[0m07:42:46.430518 [debug] [MainThread]: STDOUT: "b"usage: git [--version] [--help] [-C <path>] [-c <name>=<value>]\n           [--exec-path[=<path>]] [--html-path] [--man-path] [--info-path]\n           [-p | --paginate | -P | --no-pager] [--no-replace-objects] [--bare]\n           [--git-dir=<path>] [--work-tree=<path>] [--namespace=<name>]\n           <command> [<args>]\n\nThese are common Git commands used in various situations:\n\nstart a working area (see also: git help tutorial)\n   clone             Clone a repository into a new directory\n   init              Create an empty Git repository or reinitialize an existing one\n\nwork on the current change (see also: git help everyday)\n   add               Add file contents to the index\n   mv                Move or rename a file, a directory, or a symlink\n   restore           Restore working tree files\n   rm                Remove files from the working tree and from the index\n   sparse-checkout   Initialize and modify the sparse-checkout\n\nexamine the history and state (see also: git help revisions)\n   bisect            Use binary search to find the commit that introduced a bug\n   diff              Show changes between commits, commit and working tree, etc\n   grep              Print lines matching a pattern\n   log               Show commit logs\n   show              Show various types of objects\n   status            Show the working tree status\n\ngrow, mark and tweak your common history\n   branch            List, create, or delete branches\n   commit            Record changes to the repository\n   merge             Join two or more development histories together\n   rebase            Reapply commits on top of another base tip\n   reset             Reset current HEAD to the specified state\n   switch            Switch branches\n   tag               Create, list, delete or verify a tag object signed with GPG\n\ncollaborate (see also: git help workflows)\n   fetch             Download objects and refs from another repository\n   pull              Fetch from and integrate with another repository or a local branch\n   push              Update remote refs along with associated objects\n\n'git help -a' and 'git help -g' list available subcommands and some\nconcept guides. See 'git help <command>' or 'git help <concept>'\nto read about a specific subcommand or concept.\nSee 'git help git' for an overview of the system.\n""
[0m07:42:46.431038 [debug] [MainThread]: STDERR: "b''"
[0m07:42:46.431433 [info ] [MainThread]:  - git [[32mOK found[0m]

[0m07:42:46.431888 [info ] [MainThread]: Connection:
[0m07:42:46.432295 [info ] [MainThread]:   host: postgres
[0m07:42:46.432726 [info ] [MainThread]:   port: 5432
[0m07:42:46.433245 [info ] [MainThread]:   user: dbt_user
[0m07:42:46.433813 [info ] [MainThread]:   database: dbt_db
[0m07:42:46.434233 [info ] [MainThread]:   schema: public
[0m07:42:46.434711 [info ] [MainThread]:   connect_timeout: 10
[0m07:42:46.435095 [info ] [MainThread]:   role: None
[0m07:42:46.435494 [info ] [MainThread]:   search_path: None
[0m07:42:46.435931 [info ] [MainThread]:   keepalives_idle: 0
[0m07:42:46.436255 [info ] [MainThread]:   sslmode: None
[0m07:42:46.436656 [info ] [MainThread]:   sslcert: None
[0m07:42:46.437017 [info ] [MainThread]:   sslkey: None
[0m07:42:46.437433 [info ] [MainThread]:   sslrootcert: None
[0m07:42:46.437760 [info ] [MainThread]:   application_name: dbt
[0m07:42:46.438171 [info ] [MainThread]:   retries: 1
[0m07:42:46.438634 [info ] [MainThread]: Registered adapter: postgres=1.6.6
[0m07:42:46.439363 [debug] [MainThread]: Acquiring new postgres connection 'debug'
[0m07:42:46.439648 [debug] [MainThread]: Using postgres connection "debug"
[0m07:42:46.439906 [debug] [MainThread]: On debug: select 1 as id
[0m07:42:46.440149 [debug] [MainThread]: Opening a new connection, currently in state init
[0m07:42:46.457091 [debug] [MainThread]: SQL status: SELECT 1 in 0.0 seconds
[0m07:42:46.458087 [debug] [MainThread]: On debug: Close
[0m07:42:46.458516 [info ] [MainThread]:   Connection test: [[32mOK connection ok[0m]

[0m07:42:46.458907 [info ] [MainThread]: [32mAll checks passed![0m
[0m07:42:46.459733 [debug] [MainThread]: Command `dbt debug` succeeded at 07:42:46.459596 after 0.13 seconds
[0m07:42:46.460086 [debug] [MainThread]: Connection 'debug' was properly closed.
[0m07:42:46.460472 [debug] [MainThread]: Sending event: {'category': 'dbt', 'action': 'invocation', 'label': 'end', 'context': [<snowplow_tracker.self_describing_json.SelfDescribingJson object at 0x71059788df30>, <snowplow_tracker.self_describing_json.SelfDescribingJson object at 0x710596f4a4a0>, <snowplow_tracker.self_describing_json.SelfDescribingJson object at 0x710595733e80>]}
[0m07:42:46.460831 [debug] [MainThread]: Flushing usage events
[0m07:42:48.590015 [debug] [MainThread]: Sending event: {'category': 'dbt', 'action': 'invocation', 'label': 'start', 'context': [<snowplow_tracker.self_describing_json.SelfDescribingJson object at 0x71486dd4dcf0>, <snowplow_tracker.self_describing_json.SelfDescribingJson object at 0x71486bc8ca90>, <snowplow_tracker.self_describing_json.SelfDescribingJson object at 0x71486bc8ca30>]}


============================== 07:42:48.592310 | 897896e5-eaaa-4f52-9ccf-c8f083a74549 ==============================
[0m07:42:48.592310 [info ] [MainThread]: Running with dbt=1.6.6
[0m07:42:48.592749 [debug] [MainThread]: running dbt with arguments {'printer_width': '80', 'indirect_selection': 'eager', 'log_cache_events': 'False', 'write_json': 'True', 'partial_parse': 'True', 'cache_selected_only': 'False', 'warn_error': 'None', 'version_check': 'True', 'profiles_dir': '/usr/app', 'log_path': '/usr/app/logs', 'debug': 'False', 'fail_fast': 'False', 'use_colors': 'True', 'use_experimental_parser': 'False', 'no_print': 'None', 'quiet': 'False', 'log_format': 'default', 'introspect': 'True', 'invocation_command': 'dbt seed', 'static_parser': 'True', 'target_path': 'None', 'warn_error_options': 'WarnErrorOptions(include=[], exclude=[])', 'send_anonymous_usage_stats': 'True'}
[0m07:42:48.660583 [debug] [MainThread]: Sending event: {'category': 'dbt', 'action': 'project_id', 'label': '897896e5-eaaa-4f52-9ccf-c8f083a74549', 'context': [<snowplow_tracker.self_describing_json.SelfDescribingJson object at 0x71486bc8cbe0>]}
[0m07:42:48.676518 [debug] [MainThread]: Sending event: {'category': 'dbt', 'action': 'adapter_info', 'label': '897896e5-eaaa-4f52-9ccf-c8f083a74549', 'context': [<snowplow_tracker.self_describing_json.SelfDescribingJson object at 0x71486a4ec3a0>]}
[0m07:42:48.677250 [info ] [MainThread]: Registered adapter: postgres=1.6.6
[0m07:42:48.685603 [debug] [MainThread]: checksum: 546b81fb56652c304d87abd676e84d4737d8a0c6b62160f4a6e79dcddbc842bb, vars: {}, profile: , target: , version: 1.6.6
[0m07:42:48.686147 [info ] [MainThread]: Unable to do partial parsing because saved manifest not found. Starting full parse.
[0m07:42:48.686497 [debug] [MainThread]: Sending event: {'category': 'dbt', 'action': 'partial_parser', 'label': '897896e5-eaaa-4f52-9ccf-c8f083a74549', 'context': [<snowplow_tracker.self_describing_json.SelfDescribingJson object at 0x71486a4ec6a0>]}
[0m07:42:49.291790 [warn ] [MainThread]: [[33mWARNING[0m]: Configuration paths exist in your dbt_project.yml file which do not apply to any resources.
There are 1 unused configuration paths:
- models.house_prices_project.example_models
[0m07:42:49.296633 [debug] [MainThread]: Sending event: {'category': 'dbt', 'action': 'load_project', 'label': '897896e5-eaaa-4f52-9ccf-c8f083a74549', 'context': [<snowplow_tracker.self_describing_json.SelfDescribingJson object at 0x714868aec0d0>]}
[0m07:42:49.304330 [debug] [MainThread]: Sending event: {'category': 'dbt', 'action': 'resource_counts', 'label': '897896e5-eaaa-4f52-9ccf-c8f083a74549', 'context': [<snowplow_tracker.self_describing_json.SelfDescribingJson object at 0x71486a4ee710>]}
[0m07:42:49.304763 [info ] [MainThread]: Found 1 model, 1 seed, 0 sources, 0 exposures, 0 metrics, 352 macros, 0 groups, 0 semantic models
[0m07:42:49.305085 [debug] [MainThread]: Sending event: {'category': 'dbt', 'action': 'runnable_timing', 'label': '897896e5-eaaa-4f52-9ccf-c8f083a74549', 'context': [<snowplow_tracker.self_describing_json.SelfDescribingJson object at 0x71486a4ec760>]}
[0m07:42:49.306276 [info ] [MainThread]: 
[0m07:42:49.307088 [debug] [MainThread]: Acquiring new postgres connection 'master'
[0m07:42:49.308284 [debug] [ThreadPool]: Acquiring new postgres connection 'list_dbt_db'
[0m07:42:49.317510 [debug] [ThreadPool]: Using postgres connection "list_dbt_db"
[0m07:42:49.317917 [debug] [ThreadPool]: On list_dbt_db: /* {"app": "dbt", "dbt_version": "1.6.6", "profile_name": "default", "target_name": "dev", "connection_name": "list_dbt_db"} */

    select distinct nspname from pg_namespace
  
[0m07:42:49.318202 [debug] [ThreadPool]: Opening a new connection, currently in state init
[0m07:42:49.328371 [debug] [ThreadPool]: SQL status: SELECT 4 in 0.0 seconds
[0m07:42:49.329521 [debug] [ThreadPool]: On list_dbt_db: Close
[0m07:42:49.331091 [debug] [ThreadPool]: Re-using an available connection from the pool (formerly list_dbt_db, now list_dbt_db_public)
[0m07:42:49.336380 [debug] [ThreadPool]: Using postgres connection "list_dbt_db_public"
[0m07:42:49.336769 [debug] [ThreadPool]: On list_dbt_db_public: BEGIN
[0m07:42:49.337031 [debug] [ThreadPool]: Opening a new connection, currently in state closed
[0m07:42:49.344642 [debug] [ThreadPool]: SQL status: BEGIN in 0.0 seconds
[0m07:42:49.345036 [debug] [ThreadPool]: Using postgres connection "list_dbt_db_public"
[0m07:42:49.345388 [debug] [ThreadPool]: On list_dbt_db_public: /* {"app": "dbt", "dbt_version": "1.6.6", "profile_name": "default", "target_name": "dev", "connection_name": "list_dbt_db_public"} */
select
      'dbt_db' as database,
      tablename as name,
      schemaname as schema,
      'table' as type
    from pg_tables
    where schemaname ilike 'public'
    union all
    select
      'dbt_db' as database,
      viewname as name,
      schemaname as schema,
      'view' as type
    from pg_views
    where schemaname ilike 'public'
    union all
    select
      'dbt_db' as database,
      matviewname as name,
      schemaname as schema,
      'materialized_view' as type
    from pg_matviews
    where schemaname ilike 'public'
  
[0m07:42:49.349083 [debug] [ThreadPool]: SQL status: SELECT 0 in 0.0 seconds
[0m07:42:49.350248 [debug] [ThreadPool]: On list_dbt_db_public: ROLLBACK
[0m07:42:49.350823 [debug] [ThreadPool]: On list_dbt_db_public: Close
[0m07:42:49.354960 [debug] [MainThread]: Using postgres connection "master"
[0m07:42:49.355439 [debug] [MainThread]: On master: BEGIN
[0m07:42:49.355700 [debug] [MainThread]: Opening a new connection, currently in state init
[0m07:42:49.363289 [debug] [MainThread]: SQL status: BEGIN in 0.0 seconds
[0m07:42:49.363629 [debug] [MainThread]: Using postgres connection "master"
[0m07:42:49.363984 [debug] [MainThread]: On master: /* {"app": "dbt", "dbt_version": "1.6.6", "profile_name": "default", "target_name": "dev", "connection_name": "master"} */
with relation as (
        select
            pg_rewrite.ev_class as class,
            pg_rewrite.oid as id
        from pg_rewrite
    ),
    class as (
        select
            oid as id,
            relname as name,
            relnamespace as schema,
            relkind as kind
        from pg_class
    ),
    dependency as (
        select distinct
            pg_depend.objid as id,
            pg_depend.refobjid as ref
        from pg_depend
    ),
    schema as (
        select
            pg_namespace.oid as id,
            pg_namespace.nspname as name
        from pg_namespace
        where nspname != 'information_schema' and nspname not like 'pg\_%'
    ),
    referenced as (
        select
            relation.id AS id,
            referenced_class.name ,
            referenced_class.schema ,
            referenced_class.kind
        from relation
        join class as referenced_class on relation.class=referenced_class.id
        where referenced_class.kind in ('r', 'v', 'm')
    ),
    relationships as (
        select
            referenced.name as referenced_name,
            referenced.schema as referenced_schema_id,
            dependent_class.name as dependent_name,
            dependent_class.schema as dependent_schema_id,
            referenced.kind as kind
        from referenced
        join dependency on referenced.id=dependency.id
        join class as dependent_class on dependency.ref=dependent_class.id
        where
            (referenced.name != dependent_class.name or
             referenced.schema != dependent_class.schema)
    )

    select
        referenced_schema.name as referenced_schema,
        relationships.referenced_name as referenced_name,
        dependent_schema.name as dependent_schema,
        relationships.dependent_name as dependent_name
    from relationships
    join schema as dependent_schema on relationships.dependent_schema_id=dependent_schema.id
    join schema as referenced_schema on relationships.referenced_schema_id=referenced_schema.id
    group by referenced_schema, referenced_name, dependent_schema, dependent_name
    order by referenced_schema, referenced_name, dependent_schema, dependent_name;
[0m07:42:49.366974 [debug] [MainThread]: SQL status: SELECT 0 in 0.0 seconds
[0m07:42:49.368144 [debug] [MainThread]: Sending event: {'category': 'dbt', 'action': 'runnable_timing', 'label': '897896e5-eaaa-4f52-9ccf-c8f083a74549', 'context': [<snowplow_tracker.self_describing_json.SelfDescribingJson object at 0x714868aef640>]}
[0m07:42:49.368583 [debug] [MainThread]: On master: ROLLBACK
[0m07:42:49.369213 [debug] [MainThread]: Using postgres connection "master"
[0m07:42:49.369510 [debug] [MainThread]: On master: BEGIN
[0m07:42:49.370312 [debug] [MainThread]: SQL status: BEGIN in 0.0 seconds
[0m07:42:49.370682 [debug] [MainThread]: On master: COMMIT
[0m07:42:49.370998 [debug] [MainThread]: Using postgres connection "master"
[0m07:42:49.371422 [debug] [MainThread]: On master: COMMIT
[0m07:42:49.371949 [debug] [MainThread]: SQL status: COMMIT in 0.0 seconds
[0m07:42:49.372544 [debug] [MainThread]: On master: Close
[0m07:42:49.373327 [info ] [MainThread]: Concurrency: 1 threads (target='dev')
[0m07:42:49.373731 [info ] [MainThread]: 
[0m07:42:49.380964 [debug] [Thread-1 (]: Began running node seed.house_prices_project.house_prices
[0m07:42:49.381483 [info ] [Thread-1 (]: 1 of 1 START seed file public.house_prices ..................................... [RUN]
[0m07:42:49.382075 [debug] [Thread-1 (]: Re-using an available connection from the pool (formerly list_dbt_db_public, now seed.house_prices_project.house_prices)
[0m07:42:49.382463 [debug] [Thread-1 (]: Began compiling node seed.house_prices_project.house_prices
[0m07:42:49.382928 [debug] [Thread-1 (]: Timing info for seed.house_prices_project.house_prices (compile): 07:42:49.382701 => 07:42:49.382704
[0m07:42:49.383611 [debug] [Thread-1 (]: Began executing node seed.house_prices_project.house_prices
[0m07:42:49.441323 [debug] [Thread-1 (]: Using postgres connection "seed.house_prices_project.house_prices"
[0m07:42:49.441759 [debug] [Thread-1 (]: On seed.house_prices_project.house_prices: BEGIN
[0m07:42:49.442056 [debug] [Thread-1 (]: Opening a new connection, currently in state closed
[0m07:42:49.450010 [debug] [Thread-1 (]: SQL status: BEGIN in 0.0 seconds
[0m07:42:49.450715 [debug] [Thread-1 (]: Using postgres connection "seed.house_prices_project.house_prices"
[0m07:42:49.451144 [debug] [Thread-1 (]: On seed.house_prices_project.house_prices: /* {"app": "dbt", "dbt_version": "1.6.6", "profile_name": "default", "target_name": "dev", "node_id": "seed.house_prices_project.house_prices"} */

    create table "dbt_db"."public"."house_prices" ("id" integer,"neighborhood" text,"lot_area" integer,"year_built" integer,"overall_qual" integer,"overall_cond" integer,"full_bath" integer,"bedroom_abvgr" integer,"sale_price" integer)
  
[0m07:42:49.459065 [debug] [Thread-1 (]: SQL status: CREATE TABLE in 0.0 seconds
[0m07:42:49.488269 [debug] [Thread-1 (]: Using postgres connection "seed.house_prices_project.house_prices"
[0m07:42:49.488721 [debug] [Thread-1 (]: On seed.house_prices_project.house_prices: 
          insert into "dbt_db"."public"."house_prices" ("id", "neighborhood", "lot_area", "year_built", "overall_qual", "overall_cond", "full_bath", "bedroom_abvgr", "sale_price") values
          (%s,%s,%s,%s,%s,%s,%s,%s,%s),(%s,%s,%s,%s,%s,%s,%s,%s,%s),(%s,%s,%s,%s,%s,%s,%s,%s,%s),(%s,%s,%s,%s,%s,%s,%s,%s,%s),(%s,%s,%s,%s,%s,%s,%s,%s,%s),(%s,%s,%s,%s,%s,%s,%s,%s,%s),(%s,%s,%s,%s,%s,%s,%s,%s,%s),(%s,%s,%s,%s,%s,%s,%s,%s,%s),(%s,%s,%s,%s,%s,%s,%s,%s,%s),(%s,%s,%s,%s,%s,%s,%s,%s,%s)
      ...
[0m07:42:49.489761 [debug] [Thread-1 (]: SQL status: INSERT 0 10 in 0.0 seconds
[0m07:42:49.494548 [debug] [Thread-1 (]: Writing runtime SQL for node "seed.house_prices_project.house_prices"
[0m07:42:49.510528 [debug] [Thread-1 (]: On seed.house_prices_project.house_prices: COMMIT
[0m07:42:49.510961 [debug] [Thread-1 (]: Using postgres connection "seed.house_prices_project.house_prices"
[0m07:42:49.511301 [debug] [Thread-1 (]: On seed.house_prices_project.house_prices: COMMIT
[0m07:42:49.514828 [debug] [Thread-1 (]: SQL status: COMMIT in 0.0 seconds
[0m07:42:49.515848 [debug] [Thread-1 (]: Timing info for seed.house_prices_project.house_prices (execute): 07:42:49.383996 => 07:42:49.515657
[0m07:42:49.516206 [debug] [Thread-1 (]: On seed.house_prices_project.house_prices: Close
[0m07:42:49.517189 [debug] [Thread-1 (]: Sending event: {'category': 'dbt', 'action': 'run_model', 'label': '897896e5-eaaa-4f52-9ccf-c8f083a74549', 'context': [<snowplow_tracker.self_describing_json.SelfDescribingJson object at 0x71486a4ec070>]}
[0m07:42:49.517751 [info ] [Thread-1 (]: 1 of 1 OK loaded seed file public.house_prices ................................. [[32mINSERT 10[0m in 0.14s]
[0m07:42:49.518303 [debug] [Thread-1 (]: Finished running node seed.house_prices_project.house_prices
[0m07:42:49.520277 [debug] [MainThread]: Using postgres connection "master"
[0m07:42:49.520620 [debug] [MainThread]: On master: BEGIN
[0m07:42:49.520893 [debug] [MainThread]: Opening a new connection, currently in state closed
[0m07:42:49.528290 [debug] [MainThread]: SQL status: BEGIN in 0.0 seconds
[0m07:42:49.528792 [debug] [MainThread]: On master: COMMIT
[0m07:42:49.529132 [debug] [MainThread]: Using postgres connection "master"
[0m07:42:49.529486 [debug] [MainThread]: On master: COMMIT
[0m07:42:49.530026 [debug] [MainThread]: SQL status: COMMIT in 0.0 seconds
[0m07:42:49.530518 [debug] [MainThread]: On master: Close
[0m07:42:49.531318 [debug] [MainThread]: Connection 'master' was properly closed.
[0m07:42:49.531586 [debug] [MainThread]: Connection 'seed.house_prices_project.house_prices' was properly closed.
[0m07:42:49.531933 [info ] [MainThread]: 
[0m07:42:49.532284 [info ] [MainThread]: Finished running 1 seed in 0 hours 0 minutes and 0.23 seconds (0.23s).
[0m07:42:49.533318 [debug] [MainThread]: Command end result
[0m07:42:49.540904 [info ] [MainThread]: 
[0m07:42:49.541397 [info ] [MainThread]: [32mCompleted successfully[0m
[0m07:42:49.541707 [info ] [MainThread]: 
[0m07:42:49.542118 [info ] [MainThread]: Done. PASS=1 WARN=0 ERROR=0 SKIP=0 TOTAL=1
[0m07:42:49.542846 [debug] [MainThread]: Command `dbt seed` succeeded at 07:42:49.542720 after 0.96 seconds
[0m07:42:49.543231 [debug] [MainThread]: Sending event: {'category': 'dbt', 'action': 'invocation', 'label': 'end', 'context': [<snowplow_tracker.self_describing_json.SelfDescribingJson object at 0x71486dd4dcf0>, <snowplow_tracker.self_describing_json.SelfDescribingJson object at 0x71486a4ee710>, <snowplow_tracker.self_describing_json.SelfDescribingJson object at 0x71486a4ed930>]}
[0m07:42:49.543586 [debug] [MainThread]: Flushing usage events
[0m07:44:54.072885 [debug] [MainThread]: Sending event: {'category': 'dbt', 'action': 'invocation', 'label': 'start', 'context': [<snowplow_tracker.self_describing_json.SelfDescribingJson object at 0x791298a05c60>, <snowplow_tracker.self_describing_json.SelfDescribingJson object at 0x791296994b50>, <snowplow_tracker.self_describing_json.SelfDescribingJson object at 0x791296994af0>]}


============================== 07:44:54.075667 | f9c7dfb1-a266-4d5c-ac04-1380f6d1ae00 ==============================
[0m07:44:54.075667 [info ] [MainThread]: Running with dbt=1.6.6
[0m07:44:54.076136 [debug] [MainThread]: running dbt with arguments {'printer_width': '80', 'indirect_selection': 'eager', 'log_cache_events': 'False', 'write_json': 'True', 'partial_parse': 'True', 'cache_selected_only': 'False', 'profiles_dir': '/usr/app', 'fail_fast': 'False', 'warn_error': 'None', 'log_path': '/usr/app/logs', 'debug': 'False', 'version_check': 'True', 'use_colors': 'True', 'use_experimental_parser': 'False', 'no_print': 'None', 'quiet': 'False', 'warn_error_options': 'WarnErrorOptions(include=[], exclude=[])', 'introspect': 'True', 'log_format': 'default', 'static_parser': 'True', 'target_path': 'None', 'invocation_command': 'dbt debug', 'send_anonymous_usage_stats': 'True'}
[0m07:44:54.076474 [info ] [MainThread]: dbt version: 1.6.6
[0m07:44:54.076759 [info ] [MainThread]: python version: 3.10.7
[0m07:44:54.077058 [info ] [MainThread]: python path: /usr/local/bin/python
[0m07:44:54.077406 [info ] [MainThread]: os info: Linux-6.6.87.2-microsoft-standard-WSL2-x86_64-with-glibc2.31
[0m07:44:54.118391 [info ] [MainThread]: Using profiles dir at /usr/app
[0m07:44:54.118836 [info ] [MainThread]: Using profiles.yml file at /usr/app/profiles.yml
[0m07:44:54.119158 [info ] [MainThread]: Using dbt_project.yml file at /usr/app/dbt_project.yml
[0m07:44:54.119713 [info ] [MainThread]: adapter type: postgres
[0m07:44:54.120026 [info ] [MainThread]: adapter version: 1.6.6
[0m07:44:54.141665 [info ] [MainThread]: Configuration:
[0m07:44:54.142127 [info ] [MainThread]:   profiles.yml file [[32mOK found and valid[0m]
[0m07:44:54.142412 [info ] [MainThread]:   dbt_project.yml file [[32mOK found and valid[0m]
[0m07:44:54.142684 [info ] [MainThread]: Required dependencies:
[0m07:44:54.142977 [debug] [MainThread]: Executing "git --help"
[0m07:44:54.145232 [debug] [MainThread]: STDOUT: "b"usage: git [--version] [--help] [-C <path>] [-c <name>=<value>]\n           [--exec-path[=<path>]] [--html-path] [--man-path] [--info-path]\n           [-p | --paginate | -P | --no-pager] [--no-replace-objects] [--bare]\n           [--git-dir=<path>] [--work-tree=<path>] [--namespace=<name>]\n           <command> [<args>]\n\nThese are common Git commands used in various situations:\n\nstart a working area (see also: git help tutorial)\n   clone             Clone a repository into a new directory\n   init              Create an empty Git repository or reinitialize an existing one\n\nwork on the current change (see also: git help everyday)\n   add               Add file contents to the index\n   mv                Move or rename a file, a directory, or a symlink\n   restore           Restore working tree files\n   rm                Remove files from the working tree and from the index\n   sparse-checkout   Initialize and modify the sparse-checkout\n\nexamine the history and state (see also: git help revisions)\n   bisect            Use binary search to find the commit that introduced a bug\n   diff              Show changes between commits, commit and working tree, etc\n   grep              Print lines matching a pattern\n   log               Show commit logs\n   show              Show various types of objects\n   status            Show the working tree status\n\ngrow, mark and tweak your common history\n   branch            List, create, or delete branches\n   commit            Record changes to the repository\n   merge             Join two or more development histories together\n   rebase            Reapply commits on top of another base tip\n   reset             Reset current HEAD to the specified state\n   switch            Switch branches\n   tag               Create, list, delete or verify a tag object signed with GPG\n\ncollaborate (see also: git help workflows)\n   fetch             Download objects and refs from another repository\n   pull              Fetch from and integrate with another repository or a local branch\n   push              Update remote refs along with associated objects\n\n'git help -a' and 'git help -g' list available subcommands and some\nconcept guides. See 'git help <command>' or 'git help <concept>'\nto read about a specific subcommand or concept.\nSee 'git help git' for an overview of the system.\n""
[0m07:44:54.145608 [debug] [MainThread]: STDERR: "b''"
[0m07:44:54.145850 [info ] [MainThread]:  - git [[32mOK found[0m]

[0m07:44:54.146141 [info ] [MainThread]: Connection:
[0m07:44:54.146425 [info ] [MainThread]:   host: postgres
[0m07:44:54.146691 [info ] [MainThread]:   port: 5432
[0m07:44:54.146953 [info ] [MainThread]:   user: dbt_user
[0m07:44:54.147211 [info ] [MainThread]:   database: dbt_db
[0m07:44:54.147469 [info ] [MainThread]:   schema: public
[0m07:44:54.147725 [info ] [MainThread]:   connect_timeout: 10
[0m07:44:54.148007 [info ] [MainThread]:   role: None
[0m07:44:54.148265 [info ] [MainThread]:   search_path: None
[0m07:44:54.148522 [info ] [MainThread]:   keepalives_idle: 0
[0m07:44:54.148779 [info ] [MainThread]:   sslmode: None
[0m07:44:54.149044 [info ] [MainThread]:   sslcert: None
[0m07:44:54.149302 [info ] [MainThread]:   sslkey: None
[0m07:44:54.149580 [info ] [MainThread]:   sslrootcert: None
[0m07:44:54.149843 [info ] [MainThread]:   application_name: dbt
[0m07:44:54.150148 [info ] [MainThread]:   retries: 1
[0m07:44:54.150480 [info ] [MainThread]: Registered adapter: postgres=1.6.6
[0m07:44:54.151052 [debug] [MainThread]: Acquiring new postgres connection 'debug'
[0m07:44:54.151313 [debug] [MainThread]: Using postgres connection "debug"
[0m07:44:54.151572 [debug] [MainThread]: On debug: select 1 as id
[0m07:44:54.151808 [debug] [MainThread]: Opening a new connection, currently in state init
[0m07:44:54.164290 [debug] [MainThread]: SQL status: SELECT 1 in 0.0 seconds
[0m07:44:54.165180 [debug] [MainThread]: On debug: Close
[0m07:44:54.165670 [info ] [MainThread]:   Connection test: [[32mOK connection ok[0m]

[0m07:44:54.166278 [info ] [MainThread]: [32mAll checks passed![0m
[0m07:44:54.167191 [debug] [MainThread]: Command `dbt debug` succeeded at 07:44:54.167023 after 0.10 seconds
[0m07:44:54.167708 [debug] [MainThread]: Connection 'debug' was properly closed.
[0m07:44:54.168269 [debug] [MainThread]: Sending event: {'category': 'dbt', 'action': 'invocation', 'label': 'end', 'context': [<snowplow_tracker.self_describing_json.SelfDescribingJson object at 0x791298a05c60>, <snowplow_tracker.self_describing_json.SelfDescribingJson object at 0x7912968ad0f0>, <snowplow_tracker.self_describing_json.SelfDescribingJson object at 0x7912968aef80>]}
[0m07:44:54.168829 [debug] [MainThread]: Flushing usage events
[0m07:44:56.306371 [debug] [MainThread]: Sending event: {'category': 'dbt', 'action': 'invocation', 'label': 'start', 'context': [<snowplow_tracker.self_describing_json.SelfDescribingJson object at 0x77abfb7c9c60>, <snowplow_tracker.self_describing_json.SelfDescribingJson object at 0x77abf97089a0>, <snowplow_tracker.self_describing_json.SelfDescribingJson object at 0x77abf9708940>]}


============================== 07:44:56.308671 | 050c1e32-45c4-4bbe-9f22-ffa4c850c938 ==============================
[0m07:44:56.308671 [info ] [MainThread]: Running with dbt=1.6.6
[0m07:44:56.309099 [debug] [MainThread]: running dbt with arguments {'printer_width': '80', 'indirect_selection': 'eager', 'log_cache_events': 'False', 'write_json': 'True', 'partial_parse': 'True', 'cache_selected_only': 'False', 'warn_error': 'None', 'fail_fast': 'False', 'debug': 'False', 'log_path': '/usr/app/logs', 'version_check': 'True', 'profiles_dir': '/usr/app', 'use_colors': 'True', 'use_experimental_parser': 'False', 'no_print': 'None', 'quiet': 'False', 'log_format': 'default', 'introspect': 'True', 'invocation_command': 'dbt seed', 'static_parser': 'True', 'target_path': 'None', 'warn_error_options': 'WarnErrorOptions(include=[], exclude=[])', 'send_anonymous_usage_stats': 'True'}
[0m07:44:56.376805 [debug] [MainThread]: Sending event: {'category': 'dbt', 'action': 'project_id', 'label': '050c1e32-45c4-4bbe-9f22-ffa4c850c938', 'context': [<snowplow_tracker.self_describing_json.SelfDescribingJson object at 0x77abf9708af0>]}
[0m07:44:56.392351 [debug] [MainThread]: Sending event: {'category': 'dbt', 'action': 'adapter_info', 'label': '050c1e32-45c4-4bbe-9f22-ffa4c850c938', 'context': [<snowplow_tracker.self_describing_json.SelfDescribingJson object at 0x77abf7f682b0>]}
[0m07:44:56.393105 [info ] [MainThread]: Registered adapter: postgres=1.6.6
[0m07:44:56.401056 [debug] [MainThread]: checksum: 546b81fb56652c304d87abd676e84d4737d8a0c6b62160f4a6e79dcddbc842bb, vars: {}, profile: , target: , version: 1.6.6
[0m07:44:56.421089 [debug] [MainThread]: Partial parsing enabled: 0 files deleted, 0 files added, 0 files changed.
[0m07:44:56.421551 [debug] [MainThread]: Partial parsing enabled, no changes found, skipping parsing
[0m07:44:56.422159 [warn ] [MainThread]: [[33mWARNING[0m]: Configuration paths exist in your dbt_project.yml file which do not apply to any resources.
There are 1 unused configuration paths:
- models.house_prices_project.example_models
[0m07:44:56.426789 [debug] [MainThread]: Sending event: {'category': 'dbt', 'action': 'load_project', 'label': '050c1e32-45c4-4bbe-9f22-ffa4c850c938', 'context': [<snowplow_tracker.self_describing_json.SelfDescribingJson object at 0x77abf7cd63b0>]}
[0m07:44:56.433962 [debug] [MainThread]: Sending event: {'category': 'dbt', 'action': 'resource_counts', 'label': '050c1e32-45c4-4bbe-9f22-ffa4c850c938', 'context': [<snowplow_tracker.self_describing_json.SelfDescribingJson object at 0x77abf7e0e380>]}
[0m07:44:56.434421 [info ] [MainThread]: Found 1 model, 1 seed, 0 sources, 0 exposures, 0 metrics, 352 macros, 0 groups, 0 semantic models
[0m07:44:56.434734 [debug] [MainThread]: Sending event: {'category': 'dbt', 'action': 'runnable_timing', 'label': '050c1e32-45c4-4bbe-9f22-ffa4c850c938', 'context': [<snowplow_tracker.self_describing_json.SelfDescribingJson object at 0x77abf7e0e4a0>]}
[0m07:44:56.435820 [info ] [MainThread]: 
[0m07:44:56.436452 [debug] [MainThread]: Acquiring new postgres connection 'master'
[0m07:44:56.437525 [debug] [ThreadPool]: Acquiring new postgres connection 'list_dbt_db'
[0m07:44:56.446486 [debug] [ThreadPool]: Using postgres connection "list_dbt_db"
[0m07:44:56.446851 [debug] [ThreadPool]: On list_dbt_db: /* {"app": "dbt", "dbt_version": "1.6.6", "profile_name": "default", "target_name": "dev", "connection_name": "list_dbt_db"} */

    select distinct nspname from pg_namespace
  
[0m07:44:56.447116 [debug] [ThreadPool]: Opening a new connection, currently in state init
[0m07:44:56.456411 [debug] [ThreadPool]: SQL status: SELECT 4 in 0.0 seconds
[0m07:44:56.457599 [debug] [ThreadPool]: On list_dbt_db: Close
[0m07:44:56.459140 [debug] [ThreadPool]: Re-using an available connection from the pool (formerly list_dbt_db, now list_dbt_db_public)
[0m07:44:56.464188 [debug] [ThreadPool]: Using postgres connection "list_dbt_db_public"
[0m07:44:56.464501 [debug] [ThreadPool]: On list_dbt_db_public: BEGIN
[0m07:44:56.464772 [debug] [ThreadPool]: Opening a new connection, currently in state closed
[0m07:44:56.472771 [debug] [ThreadPool]: SQL status: BEGIN in 0.0 seconds
[0m07:44:56.473199 [debug] [ThreadPool]: Using postgres connection "list_dbt_db_public"
[0m07:44:56.473509 [debug] [ThreadPool]: On list_dbt_db_public: /* {"app": "dbt", "dbt_version": "1.6.6", "profile_name": "default", "target_name": "dev", "connection_name": "list_dbt_db_public"} */
select
      'dbt_db' as database,
      tablename as name,
      schemaname as schema,
      'table' as type
    from pg_tables
    where schemaname ilike 'public'
    union all
    select
      'dbt_db' as database,
      viewname as name,
      schemaname as schema,
      'view' as type
    from pg_views
    where schemaname ilike 'public'
    union all
    select
      'dbt_db' as database,
      matviewname as name,
      schemaname as schema,
      'materialized_view' as type
    from pg_matviews
    where schemaname ilike 'public'
  
[0m07:44:56.477164 [debug] [ThreadPool]: SQL status: SELECT 1 in 0.0 seconds
[0m07:44:56.478324 [debug] [ThreadPool]: On list_dbt_db_public: ROLLBACK
[0m07:44:56.478849 [debug] [ThreadPool]: On list_dbt_db_public: Close
[0m07:44:56.483264 [debug] [MainThread]: Using postgres connection "master"
[0m07:44:56.483659 [debug] [MainThread]: On master: BEGIN
[0m07:44:56.484029 [debug] [MainThread]: Opening a new connection, currently in state init
[0m07:44:56.491787 [debug] [MainThread]: SQL status: BEGIN in 0.0 seconds
[0m07:44:56.492203 [debug] [MainThread]: Using postgres connection "master"
[0m07:44:56.492539 [debug] [MainThread]: On master: /* {"app": "dbt", "dbt_version": "1.6.6", "profile_name": "default", "target_name": "dev", "connection_name": "master"} */
with relation as (
        select
            pg_rewrite.ev_class as class,
            pg_rewrite.oid as id
        from pg_rewrite
    ),
    class as (
        select
            oid as id,
            relname as name,
            relnamespace as schema,
            relkind as kind
        from pg_class
    ),
    dependency as (
        select distinct
            pg_depend.objid as id,
            pg_depend.refobjid as ref
        from pg_depend
    ),
    schema as (
        select
            pg_namespace.oid as id,
            pg_namespace.nspname as name
        from pg_namespace
        where nspname != 'information_schema' and nspname not like 'pg\_%'
    ),
    referenced as (
        select
            relation.id AS id,
            referenced_class.name ,
            referenced_class.schema ,
            referenced_class.kind
        from relation
        join class as referenced_class on relation.class=referenced_class.id
        where referenced_class.kind in ('r', 'v', 'm')
    ),
    relationships as (
        select
            referenced.name as referenced_name,
            referenced.schema as referenced_schema_id,
            dependent_class.name as dependent_name,
            dependent_class.schema as dependent_schema_id,
            referenced.kind as kind
        from referenced
        join dependency on referenced.id=dependency.id
        join class as dependent_class on dependency.ref=dependent_class.id
        where
            (referenced.name != dependent_class.name or
             referenced.schema != dependent_class.schema)
    )

    select
        referenced_schema.name as referenced_schema,
        relationships.referenced_name as referenced_name,
        dependent_schema.name as dependent_schema,
        relationships.dependent_name as dependent_name
    from relationships
    join schema as dependent_schema on relationships.dependent_schema_id=dependent_schema.id
    join schema as referenced_schema on relationships.referenced_schema_id=referenced_schema.id
    group by referenced_schema, referenced_name, dependent_schema, dependent_name
    order by referenced_schema, referenced_name, dependent_schema, dependent_name;
[0m07:44:56.496382 [debug] [MainThread]: SQL status: SELECT 0 in 0.0 seconds
[0m07:44:56.497464 [debug] [MainThread]: Sending event: {'category': 'dbt', 'action': 'runnable_timing', 'label': '050c1e32-45c4-4bbe-9f22-ffa4c850c938', 'context': [<snowplow_tracker.self_describing_json.SelfDescribingJson object at 0x77abf7d13e80>]}
[0m07:44:56.497887 [debug] [MainThread]: On master: ROLLBACK
[0m07:44:56.498362 [debug] [MainThread]: Using postgres connection "master"
[0m07:44:56.498635 [debug] [MainThread]: On master: BEGIN
[0m07:44:56.499342 [debug] [MainThread]: SQL status: BEGIN in 0.0 seconds
[0m07:44:56.499707 [debug] [MainThread]: On master: COMMIT
[0m07:44:56.500001 [debug] [MainThread]: Using postgres connection "master"
[0m07:44:56.500253 [debug] [MainThread]: On master: COMMIT
[0m07:44:56.500684 [debug] [MainThread]: SQL status: COMMIT in 0.0 seconds
[0m07:44:56.500988 [debug] [MainThread]: On master: Close
[0m07:44:56.501689 [info ] [MainThread]: Concurrency: 1 threads (target='dev')
[0m07:44:56.502069 [info ] [MainThread]: 
[0m07:44:56.504399 [debug] [Thread-1 (]: Began running node seed.house_prices_project.house_prices
[0m07:44:56.504878 [info ] [Thread-1 (]: 1 of 1 START seed file public.house_prices ..................................... [RUN]
[0m07:44:56.505558 [debug] [Thread-1 (]: Re-using an available connection from the pool (formerly list_dbt_db_public, now seed.house_prices_project.house_prices)
[0m07:44:56.505901 [debug] [Thread-1 (]: Began compiling node seed.house_prices_project.house_prices
[0m07:44:56.506299 [debug] [Thread-1 (]: Timing info for seed.house_prices_project.house_prices (compile): 07:44:56.506124 => 07:44:56.506127
[0m07:44:56.506628 [debug] [Thread-1 (]: Began executing node seed.house_prices_project.house_prices
[0m07:44:56.532301 [debug] [Thread-1 (]: Using postgres connection "seed.house_prices_project.house_prices"
[0m07:44:56.532786 [debug] [Thread-1 (]: On seed.house_prices_project.house_prices: BEGIN
[0m07:44:56.533127 [debug] [Thread-1 (]: Opening a new connection, currently in state closed
[0m07:44:56.540838 [debug] [Thread-1 (]: SQL status: BEGIN in 0.0 seconds
[0m07:44:56.541269 [debug] [Thread-1 (]: Using postgres connection "seed.house_prices_project.house_prices"
[0m07:44:56.541624 [debug] [Thread-1 (]: On seed.house_prices_project.house_prices: /* {"app": "dbt", "dbt_version": "1.6.6", "profile_name": "default", "target_name": "dev", "node_id": "seed.house_prices_project.house_prices"} */
truncate table "dbt_db"."public"."house_prices"
[0m07:44:56.547366 [debug] [Thread-1 (]: SQL status: TRUNCATE TABLE in 0.0 seconds
[0m07:44:56.576889 [debug] [Thread-1 (]: Using postgres connection "seed.house_prices_project.house_prices"
[0m07:44:56.577343 [debug] [Thread-1 (]: On seed.house_prices_project.house_prices: 
          insert into "dbt_db"."public"."house_prices" ("id", "neighborhood", "lot_area", "year_built", "overall_qual", "overall_cond", "full_bath", "bedroom_abvgr", "sale_price") values
          (%s,%s,%s,%s,%s,%s,%s,%s,%s),(%s,%s,%s,%s,%s,%s,%s,%s,%s),(%s,%s,%s,%s,%s,%s,%s,%s,%s),(%s,%s,%s,%s,%s,%s,%s,%s,%s),(%s,%s,%s,%s,%s,%s,%s,%s,%s),(%s,%s,%s,%s,%s,%s,%s,%s,%s),(%s,%s,%s,%s,%s,%s,%s,%s,%s),(%s,%s,%s,%s,%s,%s,%s,%s,%s),(%s,%s,%s,%s,%s,%s,%s,%s,%s),(%s,%s,%s,%s,%s,%s,%s,%s,%s)
      ...
[0m07:44:56.578425 [debug] [Thread-1 (]: SQL status: INSERT 0 10 in 0.0 seconds
[0m07:44:56.583394 [debug] [Thread-1 (]: Writing runtime SQL for node "seed.house_prices_project.house_prices"
[0m07:44:56.595613 [debug] [Thread-1 (]: On seed.house_prices_project.house_prices: COMMIT
[0m07:44:56.596014 [debug] [Thread-1 (]: Using postgres connection "seed.house_prices_project.house_prices"
[0m07:44:56.596334 [debug] [Thread-1 (]: On seed.house_prices_project.house_prices: COMMIT
[0m07:44:56.599084 [debug] [Thread-1 (]: SQL status: COMMIT in 0.0 seconds
[0m07:44:56.600246 [debug] [Thread-1 (]: Timing info for seed.house_prices_project.house_prices (execute): 07:44:56.506875 => 07:44:56.600050
[0m07:44:56.600590 [debug] [Thread-1 (]: On seed.house_prices_project.house_prices: Close
[0m07:44:56.601282 [debug] [Thread-1 (]: Sending event: {'category': 'dbt', 'action': 'run_model', 'label': '050c1e32-45c4-4bbe-9f22-ffa4c850c938', 'context': [<snowplow_tracker.self_describing_json.SelfDescribingJson object at 0x77abf7d9fc70>]}
[0m07:44:56.601759 [info ] [Thread-1 (]: 1 of 1 OK loaded seed file public.house_prices ................................. [[32mINSERT 10[0m in 0.10s]
[0m07:44:56.602328 [debug] [Thread-1 (]: Finished running node seed.house_prices_project.house_prices
[0m07:44:56.603739 [debug] [MainThread]: Using postgres connection "master"
[0m07:44:56.604028 [debug] [MainThread]: On master: BEGIN
[0m07:44:56.604298 [debug] [MainThread]: Opening a new connection, currently in state closed
[0m07:44:56.611591 [debug] [MainThread]: SQL status: BEGIN in 0.0 seconds
[0m07:44:56.611955 [debug] [MainThread]: On master: COMMIT
[0m07:44:56.612229 [debug] [MainThread]: Using postgres connection "master"
[0m07:44:56.612504 [debug] [MainThread]: On master: COMMIT
[0m07:44:56.612940 [debug] [MainThread]: SQL status: COMMIT in 0.0 seconds
[0m07:44:56.613222 [debug] [MainThread]: On master: Close
[0m07:44:56.613793 [debug] [MainThread]: Connection 'master' was properly closed.
[0m07:44:56.614074 [debug] [MainThread]: Connection 'seed.house_prices_project.house_prices' was properly closed.
[0m07:44:56.614360 [info ] [MainThread]: 
[0m07:44:56.614678 [info ] [MainThread]: Finished running 1 seed in 0 hours 0 minutes and 0.18 seconds (0.18s).
[0m07:44:56.615295 [debug] [MainThread]: Command end result
[0m07:44:56.621635 [info ] [MainThread]: 
[0m07:44:56.622076 [info ] [MainThread]: [32mCompleted successfully[0m
[0m07:44:56.622373 [info ] [MainThread]: 
[0m07:44:56.622676 [info ] [MainThread]: Done. PASS=1 WARN=0 ERROR=0 SKIP=0 TOTAL=1
[0m07:44:56.623194 [debug] [MainThread]: Command `dbt seed` succeeded at 07:44:56.623102 after 0.32 seconds
[0m07:44:56.623501 [debug] [MainThread]: Sending event: {'category': 'dbt', 'action': 'invocation', 'label': 'end', 'context': [<snowplow_tracker.self_describing_json.SelfDescribingJson object at 0x77abfb7c9c60>, <snowplow_tracker.self_describing_json.SelfDescribingJson object at 0x77abf7f682b0>, <snowplow_tracker.self_describing_json.SelfDescribingJson object at 0x77abf7d9f5b0>]}
[0m07:44:56.623816 [debug] [MainThread]: Flushing usage events
[0m07:44:58.783825 [debug] [MainThread]: Sending event: {'category': 'dbt', 'action': 'invocation', 'label': 'start', 'context': [<snowplow_tracker.self_describing_json.SelfDescribingJson object at 0x7ca2df299d20>, <snowplow_tracker.self_describing_json.SelfDescribingJson object at 0x7ca2dd2249d0>, <snowplow_tracker.self_describing_json.SelfDescribingJson object at 0x7ca2dd224970>]}


============================== 07:44:58.786264 | c35428c0-105a-41e2-9ab4-45b2dc752834 ==============================
[0m07:44:58.786264 [info ] [MainThread]: Running with dbt=1.6.6
[0m07:44:58.786809 [debug] [MainThread]: running dbt with arguments {'printer_width': '80', 'indirect_selection': 'eager', 'write_json': 'True', 'log_cache_events': 'False', 'partial_parse': 'True', 'cache_selected_only': 'False', 'warn_error': 'None', 'debug': 'False', 'version_check': 'True', 'log_path': '/usr/app/logs', 'fail_fast': 'False', 'profiles_dir': '/usr/app', 'use_colors': 'True', 'use_experimental_parser': 'False', 'no_print': 'None', 'quiet': 'False', 'log_format': 'default', 'introspect': 'True', 'invocation_command': 'dbt run', 'static_parser': 'True', 'target_path': 'None', 'warn_error_options': 'WarnErrorOptions(include=[], exclude=[])', 'send_anonymous_usage_stats': 'True'}
[0m07:44:58.853941 [debug] [MainThread]: Sending event: {'category': 'dbt', 'action': 'project_id', 'label': 'c35428c0-105a-41e2-9ab4-45b2dc752834', 'context': [<snowplow_tracker.self_describing_json.SelfDescribingJson object at 0x7ca2dd224b20>]}
[0m07:44:58.869640 [debug] [MainThread]: Sending event: {'category': 'dbt', 'action': 'adapter_info', 'label': 'c35428c0-105a-41e2-9ab4-45b2dc752834', 'context': [<snowplow_tracker.self_describing_json.SelfDescribingJson object at 0x7ca2dba803d0>]}
[0m07:44:58.870368 [info ] [MainThread]: Registered adapter: postgres=1.6.6
[0m07:44:58.878099 [debug] [MainThread]: checksum: 546b81fb56652c304d87abd676e84d4737d8a0c6b62160f4a6e79dcddbc842bb, vars: {}, profile: , target: , version: 1.6.6
[0m07:44:58.897737 [debug] [MainThread]: Partial parsing enabled: 0 files deleted, 0 files added, 0 files changed.
[0m07:44:58.898103 [debug] [MainThread]: Partial parsing enabled, no changes found, skipping parsing
[0m07:44:58.898607 [warn ] [MainThread]: [[33mWARNING[0m]: Configuration paths exist in your dbt_project.yml file which do not apply to any resources.
There are 1 unused configuration paths:
- models.house_prices_project.example_models
[0m07:44:58.903934 [debug] [MainThread]: Sending event: {'category': 'dbt', 'action': 'load_project', 'label': 'c35428c0-105a-41e2-9ab4-45b2dc752834', 'context': [<snowplow_tracker.self_describing_json.SelfDescribingJson object at 0x7ca2db7e24d0>]}
[0m07:44:58.911291 [debug] [MainThread]: Sending event: {'category': 'dbt', 'action': 'resource_counts', 'label': 'c35428c0-105a-41e2-9ab4-45b2dc752834', 'context': [<snowplow_tracker.self_describing_json.SelfDescribingJson object at 0x7ca2db9324a0>]}
[0m07:44:58.911727 [info ] [MainThread]: Found 1 model, 1 seed, 0 sources, 0 exposures, 0 metrics, 352 macros, 0 groups, 0 semantic models
[0m07:44:58.912045 [debug] [MainThread]: Sending event: {'category': 'dbt', 'action': 'runnable_timing', 'label': 'c35428c0-105a-41e2-9ab4-45b2dc752834', 'context': [<snowplow_tracker.self_describing_json.SelfDescribingJson object at 0x7ca2db9325c0>]}
[0m07:44:58.913420 [info ] [MainThread]: 
[0m07:44:58.914229 [debug] [MainThread]: Acquiring new postgres connection 'master'
[0m07:44:58.915453 [debug] [ThreadPool]: Acquiring new postgres connection 'list_dbt_db'
[0m07:44:58.925932 [debug] [ThreadPool]: Using postgres connection "list_dbt_db"
[0m07:44:58.926386 [debug] [ThreadPool]: On list_dbt_db: /* {"app": "dbt", "dbt_version": "1.6.6", "profile_name": "default", "target_name": "dev", "connection_name": "list_dbt_db"} */

    select distinct nspname from pg_namespace
  
[0m07:44:58.926782 [debug] [ThreadPool]: Opening a new connection, currently in state init
[0m07:44:58.936606 [debug] [ThreadPool]: SQL status: SELECT 4 in 0.0 seconds
[0m07:44:58.937850 [debug] [ThreadPool]: On list_dbt_db: Close
[0m07:44:58.939408 [debug] [ThreadPool]: Re-using an available connection from the pool (formerly list_dbt_db, now list_dbt_db_public)
[0m07:44:58.944568 [debug] [ThreadPool]: Using postgres connection "list_dbt_db_public"
[0m07:44:58.944919 [debug] [ThreadPool]: On list_dbt_db_public: BEGIN
[0m07:44:58.945194 [debug] [ThreadPool]: Opening a new connection, currently in state closed
[0m07:44:58.952960 [debug] [ThreadPool]: SQL status: BEGIN in 0.0 seconds
[0m07:44:58.953488 [debug] [ThreadPool]: Using postgres connection "list_dbt_db_public"
[0m07:44:58.953797 [debug] [ThreadPool]: On list_dbt_db_public: /* {"app": "dbt", "dbt_version": "1.6.6", "profile_name": "default", "target_name": "dev", "connection_name": "list_dbt_db_public"} */
select
      'dbt_db' as database,
      tablename as name,
      schemaname as schema,
      'table' as type
    from pg_tables
    where schemaname ilike 'public'
    union all
    select
      'dbt_db' as database,
      viewname as name,
      schemaname as schema,
      'view' as type
    from pg_views
    where schemaname ilike 'public'
    union all
    select
      'dbt_db' as database,
      matviewname as name,
      schemaname as schema,
      'materialized_view' as type
    from pg_matviews
    where schemaname ilike 'public'
  
[0m07:44:58.956312 [debug] [ThreadPool]: SQL status: SELECT 1 in 0.0 seconds
[0m07:44:58.957353 [debug] [ThreadPool]: On list_dbt_db_public: ROLLBACK
[0m07:44:58.957839 [debug] [ThreadPool]: On list_dbt_db_public: Close
[0m07:44:58.961900 [debug] [MainThread]: Using postgres connection "master"
[0m07:44:58.962224 [debug] [MainThread]: On master: BEGIN
[0m07:44:58.962552 [debug] [MainThread]: Opening a new connection, currently in state init
[0m07:44:58.970289 [debug] [MainThread]: SQL status: BEGIN in 0.0 seconds
[0m07:44:58.970710 [debug] [MainThread]: Using postgres connection "master"
[0m07:44:58.971045 [debug] [MainThread]: On master: /* {"app": "dbt", "dbt_version": "1.6.6", "profile_name": "default", "target_name": "dev", "connection_name": "master"} */
with relation as (
        select
            pg_rewrite.ev_class as class,
            pg_rewrite.oid as id
        from pg_rewrite
    ),
    class as (
        select
            oid as id,
            relname as name,
            relnamespace as schema,
            relkind as kind
        from pg_class
    ),
    dependency as (
        select distinct
            pg_depend.objid as id,
            pg_depend.refobjid as ref
        from pg_depend
    ),
    schema as (
        select
            pg_namespace.oid as id,
            pg_namespace.nspname as name
        from pg_namespace
        where nspname != 'information_schema' and nspname not like 'pg\_%'
    ),
    referenced as (
        select
            relation.id AS id,
            referenced_class.name ,
            referenced_class.schema ,
            referenced_class.kind
        from relation
        join class as referenced_class on relation.class=referenced_class.id
        where referenced_class.kind in ('r', 'v', 'm')
    ),
    relationships as (
        select
            referenced.name as referenced_name,
            referenced.schema as referenced_schema_id,
            dependent_class.name as dependent_name,
            dependent_class.schema as dependent_schema_id,
            referenced.kind as kind
        from referenced
        join dependency on referenced.id=dependency.id
        join class as dependent_class on dependency.ref=dependent_class.id
        where
            (referenced.name != dependent_class.name or
             referenced.schema != dependent_class.schema)
    )

    select
        referenced_schema.name as referenced_schema,
        relationships.referenced_name as referenced_name,
        dependent_schema.name as dependent_schema,
        relationships.dependent_name as dependent_name
    from relationships
    join schema as dependent_schema on relationships.dependent_schema_id=dependent_schema.id
    join schema as referenced_schema on relationships.referenced_schema_id=referenced_schema.id
    group by referenced_schema, referenced_name, dependent_schema, dependent_name
    order by referenced_schema, referenced_name, dependent_schema, dependent_name;
[0m07:44:58.974186 [debug] [MainThread]: SQL status: SELECT 0 in 0.0 seconds
[0m07:44:58.975161 [debug] [MainThread]: Sending event: {'category': 'dbt', 'action': 'runnable_timing', 'label': 'c35428c0-105a-41e2-9ab4-45b2dc752834', 'context': [<snowplow_tracker.self_describing_json.SelfDescribingJson object at 0x7ca2db820850>]}
[0m07:44:58.975557 [debug] [MainThread]: On master: ROLLBACK
[0m07:44:58.976011 [debug] [MainThread]: Using postgres connection "master"
[0m07:44:58.976282 [debug] [MainThread]: On master: BEGIN
[0m07:44:58.976945 [debug] [MainThread]: SQL status: BEGIN in 0.0 seconds
[0m07:44:58.977226 [debug] [MainThread]: On master: COMMIT
[0m07:44:58.977533 [debug] [MainThread]: Using postgres connection "master"
[0m07:44:58.977791 [debug] [MainThread]: On master: COMMIT
[0m07:44:58.978230 [debug] [MainThread]: SQL status: COMMIT in 0.0 seconds
[0m07:44:58.978538 [debug] [MainThread]: On master: Close
[0m07:44:58.979140 [info ] [MainThread]: Concurrency: 1 threads (target='dev')
[0m07:44:58.979465 [info ] [MainThread]: 
[0m07:44:58.982111 [debug] [Thread-1 (]: Began running node model.house_prices_project.avg_sale_price
[0m07:44:58.982721 [info ] [Thread-1 (]: 1 of 1 START sql view model public.avg_sale_price .............................. [RUN]
[0m07:44:58.983489 [debug] [Thread-1 (]: Re-using an available connection from the pool (formerly list_dbt_db_public, now model.house_prices_project.avg_sale_price)
[0m07:44:58.983851 [debug] [Thread-1 (]: Began compiling node model.house_prices_project.avg_sale_price
[0m07:44:58.990433 [debug] [Thread-1 (]: Writing injected SQL for node "model.house_prices_project.avg_sale_price"
[0m07:44:58.992206 [debug] [Thread-1 (]: Timing info for model.house_prices_project.avg_sale_price (compile): 07:44:58.984073 => 07:44:58.992009
[0m07:44:58.992554 [debug] [Thread-1 (]: Began executing node model.house_prices_project.avg_sale_price
[0m07:44:59.021861 [debug] [Thread-1 (]: Writing runtime sql for node "model.house_prices_project.avg_sale_price"
[0m07:44:59.023162 [debug] [Thread-1 (]: Using postgres connection "model.house_prices_project.avg_sale_price"
[0m07:44:59.023512 [debug] [Thread-1 (]: On model.house_prices_project.avg_sale_price: BEGIN
[0m07:44:59.023809 [debug] [Thread-1 (]: Opening a new connection, currently in state closed
[0m07:44:59.031187 [debug] [Thread-1 (]: SQL status: BEGIN in 0.0 seconds
[0m07:44:59.031661 [debug] [Thread-1 (]: Using postgres connection "model.house_prices_project.avg_sale_price"
[0m07:44:59.032002 [debug] [Thread-1 (]: On model.house_prices_project.avg_sale_price: /* {"app": "dbt", "dbt_version": "1.6.6", "profile_name": "default", "target_name": "dev", "node_id": "model.house_prices_project.avg_sale_price"} */

  create view "dbt_db"."public"."avg_sale_price__dbt_tmp"
    
    
  as (
    -- Average sale price by neighborhood and overall quality
select
  neighborhood,
  overall_qual,
  avg(sale_price) as avg_price,
  count(*) as num_sales
from "dbt_db"."public"."house_prices"
group by neighborhood, overall_qual
order by avg_price desc
  );
[0m07:44:59.034459 [debug] [Thread-1 (]: SQL status: CREATE VIEW in 0.0 seconds
[0m07:44:59.039874 [debug] [Thread-1 (]: Using postgres connection "model.house_prices_project.avg_sale_price"
[0m07:44:59.040242 [debug] [Thread-1 (]: On model.house_prices_project.avg_sale_price: /* {"app": "dbt", "dbt_version": "1.6.6", "profile_name": "default", "target_name": "dev", "node_id": "model.house_prices_project.avg_sale_price"} */
alter table "dbt_db"."public"."avg_sale_price__dbt_tmp" rename to "avg_sale_price"
[0m07:44:59.041059 [debug] [Thread-1 (]: SQL status: ALTER TABLE in 0.0 seconds
[0m07:44:59.054558 [debug] [Thread-1 (]: On model.house_prices_project.avg_sale_price: COMMIT
[0m07:44:59.055012 [debug] [Thread-1 (]: Using postgres connection "model.house_prices_project.avg_sale_price"
[0m07:44:59.055347 [debug] [Thread-1 (]: On model.house_prices_project.avg_sale_price: COMMIT
[0m07:44:59.058246 [debug] [Thread-1 (]: SQL status: COMMIT in 0.0 seconds
[0m07:44:59.066945 [debug] [Thread-1 (]: Using postgres connection "model.house_prices_project.avg_sale_price"
[0m07:44:59.067497 [debug] [Thread-1 (]: On model.house_prices_project.avg_sale_price: /* {"app": "dbt", "dbt_version": "1.6.6", "profile_name": "default", "target_name": "dev", "node_id": "model.house_prices_project.avg_sale_price"} */
drop view if exists "dbt_db"."public"."avg_sale_price__dbt_backup" cascade
[0m07:44:59.068197 [debug] [Thread-1 (]: SQL status: DROP VIEW in 0.0 seconds
[0m07:44:59.069636 [debug] [Thread-1 (]: Timing info for model.house_prices_project.avg_sale_price (execute): 07:44:58.992778 => 07:44:59.069455
[0m07:44:59.069997 [debug] [Thread-1 (]: On model.house_prices_project.avg_sale_price: Close
[0m07:44:59.070699 [debug] [Thread-1 (]: Sending event: {'category': 'dbt', 'action': 'run_model', 'label': 'c35428c0-105a-41e2-9ab4-45b2dc752834', 'context': [<snowplow_tracker.self_describing_json.SelfDescribingJson object at 0x7ca2db8c1b40>]}
[0m07:44:59.071279 [info ] [Thread-1 (]: 1 of 1 OK created sql view model public.avg_sale_price ......................... [[32mCREATE VIEW[0m in 0.09s]
[0m07:44:59.071892 [debug] [Thread-1 (]: Finished running node model.house_prices_project.avg_sale_price
[0m07:44:59.073774 [debug] [MainThread]: Using postgres connection "master"
[0m07:44:59.074233 [debug] [MainThread]: On master: BEGIN
[0m07:44:59.074512 [debug] [MainThread]: Opening a new connection, currently in state closed
[0m07:44:59.082804 [debug] [MainThread]: SQL status: BEGIN in 0.0 seconds
[0m07:44:59.083298 [debug] [MainThread]: On master: COMMIT
[0m07:44:59.083582 [debug] [MainThread]: Using postgres connection "master"
[0m07:44:59.083836 [debug] [MainThread]: On master: COMMIT
[0m07:44:59.084269 [debug] [MainThread]: SQL status: COMMIT in 0.0 seconds
[0m07:44:59.084542 [debug] [MainThread]: On master: Close
[0m07:44:59.085129 [debug] [MainThread]: Connection 'master' was properly closed.
[0m07:44:59.085392 [debug] [MainThread]: Connection 'model.house_prices_project.avg_sale_price' was properly closed.
[0m07:44:59.085778 [info ] [MainThread]: 
[0m07:44:59.086197 [info ] [MainThread]: Finished running 1 view model in 0 hours 0 minutes and 0.17 seconds (0.17s).
[0m07:44:59.087103 [debug] [MainThread]: Command end result
[0m07:44:59.093978 [info ] [MainThread]: 
[0m07:44:59.094499 [info ] [MainThread]: [32mCompleted successfully[0m
[0m07:44:59.094840 [info ] [MainThread]: 
[0m07:44:59.095264 [info ] [MainThread]: Done. PASS=1 WARN=0 ERROR=0 SKIP=0 TOTAL=1
[0m07:44:59.095841 [debug] [MainThread]: Command `dbt run` succeeded at 07:44:59.095742 after 0.32 seconds
[0m07:44:59.096177 [debug] [MainThread]: Sending event: {'category': 'dbt', 'action': 'invocation', 'label': 'end', 'context': [<snowplow_tracker.self_describing_json.SelfDescribingJson object at 0x7ca2df299d20>, <snowplow_tracker.self_describing_json.SelfDescribingJson object at 0x7ca2dba803d0>, <snowplow_tracker.self_describing_json.SelfDescribingJson object at 0x7ca2db86b8b0>]}
[0m07:44:59.096501 [debug] [MainThread]: Flushing usage events
